Using pre-set license
Built from '2020.3/staging' branch; Version is '2020.3.30f1 (1fb1bf06830e) revision 2077119'; Using compiler version '192528614'; Build Type 'Release'
OS: 'Windows 11  (10.0.22000) 64bit Core' Language: 'en' Physical Memory: 65336 MB
BatchMode: 1, IsHumanControllingUs: 0, StartBugReporterOnCrash: 0, Is64bit: 1, IsPro: 0

COMMAND LINE ARGUMENTS:
C:\Program Files\Unity\Hub\Editor\2020.3.30f1\Editor\Unity.exe
-adb2
-batchMode
-noUpm
-name
AssetImportWorker0
-projectPath
C:/Users/Mad Labs 01/Documents/OpenCV_Unity_ObjectTracking/Unity3D
-logFile
Logs/AssetImportWorker0.log
-srvPort
60605
Successfully changed project path to: C:/Users/Mad Labs 01/Documents/OpenCV_Unity_ObjectTracking/Unity3D
C:/Users/Mad Labs 01/Documents/OpenCV_Unity_ObjectTracking/Unity3D
Using Asset Import Pipeline V2.
Refreshing native plugins compatible for Editor in 40.64 ms, found 2 plugins.
Preloading 0 native plugins for Editor in 0.00 ms.
Initialize engine version: 2020.3.30f1 (1fb1bf06830e)
[Subsystems] Discovering subsystems at path C:/Program Files/Unity/Hub/Editor/2020.3.30f1/Editor/Data/Resources/UnitySubsystems
[Subsystems] Discovering subsystems at path C:/Users/Mad Labs 01/Documents/OpenCV_Unity_ObjectTracking/Unity3D/Assets
GfxDevice: creating device client; threaded=0
Direct3D:
    Version:  Direct3D 11.0 [level 11.1]
    Renderer: NVIDIA GeForce RTX 3080 (ID=0x2206)
    Vendor:   
    VRAM:     10078 MB
    Driver:   30.0.15.1165
Initialize mono
Mono path[0] = 'C:/Program Files/Unity/Hub/Editor/2020.3.30f1/Editor/Data/Managed'
Mono path[1] = 'C:/Program Files/Unity/Hub/Editor/2020.3.30f1/Editor/Data/MonoBleedingEdge/lib/mono/unityjit'
Mono config path = 'C:/Program Files/Unity/Hub/Editor/2020.3.30f1/Editor/Data/MonoBleedingEdge/etc'
Using monoOptions --debugger-agent=transport=dt_socket,embedding=1,server=y,suspend=n,address=127.0.0.1:56652
Begin MonoManager ReloadAssembly
Registering precompiled unity dll's ...
Register platform support module: C:/Program Files/Unity/Hub/Editor/2020.3.30f1/Editor/Data/PlaybackEngines/WebGLSupport/UnityEditor.WebGL.Extensions.dll
Register platform support module: C:/Program Files/Unity/Hub/Editor/2020.3.30f1/Editor/Data/PlaybackEngines/WindowsStandaloneSupport/UnityEditor.WindowsStandalone.Extensions.dll
Registered in 0.001532 seconds.
Native extension for WindowsStandalone target not found
Native extension for WebGL target not found
Refreshing native plugins compatible for Editor in 33.99 ms, found 2 plugins.
Preloading 0 native plugins for Editor in 0.00 ms.
Mono: successfully reloaded assembly
- Completed reload, in  0.448 seconds
Domain Reload Profiling:
	ReloadAssembly (448ms)
		BeginReloadAssembly (43ms)
			ExecutionOrderSort (0ms)
			DisableScriptedObjects (0ms)
			BackupInstance (0ms)
			ReleaseScriptingObjects (0ms)
			CreateAndSetChildDomain (1ms)
		EndReloadAssembly (353ms)
			LoadAssemblies (42ms)
			RebuildTransferFunctionScriptingTraits (0ms)
			SetupTypeCache (117ms)
			ReleaseScriptCaches (0ms)
			RebuildScriptCaches (22ms)
			SetupLoadedEditorAssemblies (137ms)
				LogAssemblyErrors (0ms)
				InitializePlatformSupportModulesInManaged (4ms)
				SetLoadedEditorAssemblies (0ms)
				RefreshPlugins (34ms)
				BeforeProcessingInitializeOnLoad (7ms)
				ProcessInitializeOnLoadAttributes (70ms)
				ProcessInitializeOnLoadMethodAttributes (21ms)
				AfterProcessingInitializeOnLoad (0ms)
				EditorAssembliesLoaded (0ms)
			ExecutionOrderSort2 (0ms)
			AwakeInstancesAfterBackupRestoration (0ms)
Platform modules already initialized, skipping
Registering precompiled user dll's ...
Registered in 0.002299 seconds.
Begin MonoManager ReloadAssembly
Native extension for WindowsStandalone target not found
Native extension for WebGL target not found
Refreshing native plugins compatible for Editor in 0.53 ms, found 2 plugins.
Preloading 0 native plugins for Editor in 0.00 ms.
Mono: successfully reloaded assembly
- Completed reload, in  0.810 seconds
Domain Reload Profiling:
	ReloadAssembly (811ms)
		BeginReloadAssembly (108ms)
			ExecutionOrderSort (0ms)
			DisableScriptedObjects (4ms)
			BackupInstance (0ms)
			ReleaseScriptingObjects (0ms)
			CreateAndSetChildDomain (14ms)
		EndReloadAssembly (660ms)
			LoadAssemblies (68ms)
			RebuildTransferFunctionScriptingTraits (0ms)
			SetupTypeCache (212ms)
			ReleaseScriptCaches (0ms)
			RebuildScriptCaches (34ms)
			SetupLoadedEditorAssemblies (280ms)
				LogAssemblyErrors (0ms)
				InitializePlatformSupportModulesInManaged (4ms)
				SetLoadedEditorAssemblies (0ms)
				RefreshPlugins (1ms)
				BeforeProcessingInitializeOnLoad (52ms)
				ProcessInitializeOnLoadAttributes (187ms)
				ProcessInitializeOnLoadMethodAttributes (33ms)
				AfterProcessingInitializeOnLoad (3ms)
				EditorAssembliesLoaded (0ms)
			ExecutionOrderSort2 (0ms)
			AwakeInstancesAfterBackupRestoration (5ms)
Platform modules already initialized, skipping
========================================================================
Worker process is ready to serve import requests
Launched and connected shader compiler UnityShaderCompiler.exe after 0.06 seconds
Refreshing native plugins compatible for Editor in 0.76 ms, found 2 plugins.
Preloading 0 native plugins for Editor in 0.00 ms.
Unloading 2130 Unused Serialized files (Serialized files now loaded: 0)
System memory in use before: 85.4 MB.
System memory in use after: 85.5 MB.

Unloading 55 unused Assets to reduce memory usage. Loaded Objects now: 2538.
Total: 4.572200 ms (FindLiveObjects: 0.154400 ms CreateObjectMapping: 0.088600 ms MarkObjects: 4.261200 ms  DeleteObjects: 0.067100 ms)

AssetImportParameters requested are different than current active one (requested -> active):
  custom:framework-win-MediaFoundation: 216162199b28c13a410421893ffa2e32 -> 
  custom:video-decoder-ogg-theora: a1e56fd34408186e4bbccfd4996cb3dc -> 
  custom:container-muxer-webm: aa71ff27fc2769a1b78a27578f13a17b -> 
  custom:container-demuxer-webm: 4f35f7cbe854078d1ac9338744f61a02 -> 
  custom:container-demuxer-ogg: 62fdf1f143b41e24485cea50d1cbac27 -> 
  custom:video-encoder-webm-vp8: eb34c28f22e8b96e1ab97ce403110664 -> 
  custom:video-codec-MediaFoundation-h265: 746d11721c4dcdbdad8f713fa42b33f4 -> 
  custom:video-decoder-webm-vp8: 9c59270c3fd7afecdb556c50c9e8de78 -> 
  custom:audio-decoder-ogg-vorbis: bf7c407c2cedff20999df2af8eb42d56 -> 
  custom:audio-encoder-webm-vorbis: bf7c407c2cedff20999df2af8eb42d56 -> 
========================================================================
Received Import Request.
  path: Assets/SimpleNaturePack
  artifactKey: Guid(0d882e744509e4246aabdc84391d1423) Importer(815301076,1909f56bfc062723c751e8b465ee728b)
Start importing Assets/SimpleNaturePack using Guid(0d882e744509e4246aabdc84391d1423) Importer(815301076,1909f56bfc062723c751e8b465ee728b)  -> (artifact id: 'f63c5094e6720cafd4113dfac4a47ca1') in 0.007524 seconds 
========================================================================
Received Import Request.
  Time since last request: 3.496142 seconds.
  path: Assets/SimpleNaturePack/Prefabs
  artifactKey: Guid(245080b10b3a2d542a041d0b8f4fe0dc) Importer(815301076,1909f56bfc062723c751e8b465ee728b)
Start importing Assets/SimpleNaturePack/Prefabs using Guid(245080b10b3a2d542a041d0b8f4fe0dc) Importer(815301076,1909f56bfc062723c751e8b465ee728b)  -> (artifact id: 'c009f8b6629b016331927391c2229fa5') in 0.005816 seconds 
========================================================================
Received Import Request.
  Time since last request: 0.040445 seconds.
  path: Assets/SimpleNaturePack/Prefabs/Branch_01.prefab
  artifactKey: Guid(b9de24523a11d714db3851b5f0f9d527) Importer(815301076,1909f56bfc062723c751e8b465ee728b)
Start importing Assets/SimpleNaturePack/Prefabs/Branch_01.prefab using Guid(b9de24523a11d714db3851b5f0f9d527) Importer(815301076,1909f56bfc062723c751e8b465ee728b)  -> (artifact id: 'ec7899036460a8332045a537c6815d76') in 0.085208 seconds 
========================================================================
Received Import Request.
  Time since last request: 0.000103 seconds.
  path: Assets/SimpleNaturePack/Prefabs/Grass_01.prefab
  artifactKey: Guid(f1fc5bb90ac285e4486771552d63bcb8) Importer(815301076,1909f56bfc062723c751e8b465ee728b)
Start importing Assets/SimpleNaturePack/Prefabs/Grass_01.prefab using Guid(f1fc5bb90ac285e4486771552d63bcb8) Importer(815301076,1909f56bfc062723c751e8b465ee728b)  -> (artifact id: 'f1a673f153d198be52a727898ec7343c') in 0.010576 seconds 
========================================================================
Received Import Request.
  Time since last request: 0.000106 seconds.
  path: Assets/SimpleNaturePack/Prefabs/Rock_02.prefab
  artifactKey: Guid(cebfacc247a640945a2c30b442202fca) Importer(815301076,1909f56bfc062723c751e8b465ee728b)
Start importing Assets/SimpleNaturePack/Prefabs/Rock_02.prefab using Guid(cebfacc247a640945a2c30b442202fca) Importer(815301076,1909f56bfc062723c751e8b465ee728b)  -> (artifact id: '220ea1d41af1a94e6a957d8219bb065b') in 0.008914 seconds 
========================================================================
Received Import Request.
  Time since last request: 0.000104 seconds.
  path: Assets/SimpleNaturePack/Prefabs/Tree_01.prefab
  artifactKey: Guid(88f2fd29f58b9734683512546acec310) Importer(815301076,1909f56bfc062723c751e8b465ee728b)
Start importing Assets/SimpleNaturePack/Prefabs/Tree_01.prefab using Guid(88f2fd29f58b9734683512546acec310) Importer(815301076,1909f56bfc062723c751e8b465ee728b)  -> (artifact id: '4fde42ab63014b6c6d102805a4076265') in 0.009189 seconds 
========================================================================
Received Import Request.
  Time since last request: 0.000101 seconds.
  path: Assets/SimpleNaturePack/Prefabs/Rock_04.prefab
  artifactKey: Guid(f02116c209ecd9e488fc4d2cd8996133) Importer(815301076,1909f56bfc062723c751e8b465ee728b)
Start importing Assets/SimpleNaturePack/Prefabs/Rock_04.prefab using Guid(f02116c209ecd9e488fc4d2cd8996133) Importer(815301076,1909f56bfc062723c751e8b465ee728b)  -> (artifact id: '9ad0b384493c49caef44846abab1a610') in 0.009456 seconds 
========================================================================
Received Import Request.
  Time since last request: 0.000097 seconds.
  path: Assets/SimpleNaturePack/Prefabs/Ground_01.prefab
  artifactKey: Guid(ebee340de387f334f9ac44e044abd8fb) Importer(815301076,1909f56bfc062723c751e8b465ee728b)
Start importing Assets/SimpleNaturePack/Prefabs/Ground_01.prefab using Guid(ebee340de387f334f9ac44e044abd8fb) Importer(815301076,1909f56bfc062723c751e8b465ee728b)  -> (artifact id: 'e0accb524da7ee46564bc25f3d106b6d') in 0.009834 seconds 
========================================================================
Received Import Request.
  Time since last request: 0.000098 seconds.
  path: Assets/SimpleNaturePack/Prefabs/Mushroom_01.prefab
  artifactKey: Guid(ff62b58c5a9ea164fa8ddf8038e10cd1) Importer(815301076,1909f56bfc062723c751e8b465ee728b)
Start importing Assets/SimpleNaturePack/Prefabs/Mushroom_01.prefab using Guid(ff62b58c5a9ea164fa8ddf8038e10cd1) Importer(815301076,1909f56bfc062723c751e8b465ee728b)  -> (artifact id: 'f1aaf56a3a12f5f51a562d085a6eb8fd') in 0.009381 seconds 
========================================================================
Received Import Request.
  Time since last request: 0.000107 seconds.
  path: Assets/SimpleNaturePack/Prefabs/Ground_03.prefab
  artifactKey: Guid(3f9b178ccd3b86f4ebbfc1f5a2815e56) Importer(815301076,1909f56bfc062723c751e8b465ee728b)
Start importing Assets/SimpleNaturePack/Prefabs/Ground_03.prefab using Guid(3f9b178ccd3b86f4ebbfc1f5a2815e56) Importer(815301076,1909f56bfc062723c751e8b465ee728b)  -> (artifact id: 'f96d41aaecc730cee7c709e2525f0e97') in 0.009500 seconds 
========================================================================
Received Import Request.
  Time since last request: 0.000091 seconds.
  path: Assets/SimpleNaturePack/Prefabs/Mushroom_02.prefab
  artifactKey: Guid(494f6d43e170e9145bc7865d243ee00b) Importer(815301076,1909f56bfc062723c751e8b465ee728b)
Start importing Assets/SimpleNaturePack/Prefabs/Mushroom_02.prefab using Guid(494f6d43e170e9145bc7865d243ee00b) Importer(815301076,1909f56bfc062723c751e8b465ee728b)  -> (artifact id: '1f90b3539ca98aa8f2fe26e4f390cd30') in 0.009786 seconds 
========================================================================
Received Import Request.
  Time since last request: 0.000093 seconds.
  path: Assets/SimpleNaturePack/Prefabs/Stump_01.prefab
  artifactKey: Guid(eebb56c82efbd8d4bb0eb6bd925a0e9d) Importer(815301076,1909f56bfc062723c751e8b465ee728b)
Start importing Assets/SimpleNaturePack/Prefabs/Stump_01.prefab using Guid(eebb56c82efbd8d4bb0eb6bd925a0e9d) Importer(815301076,1909f56bfc062723c751e8b465ee728b)  -> (artifact id: 'fb4c60d00fd12ef18362d5a7b42eaa09') in 0.009081 seconds 
========================================================================
Received Import Request.
  Time since last request: 0.000099 seconds.
  path: Assets/SimpleNaturePack/Prefabs/Grass_02.prefab
  artifactKey: Guid(ffbddc4ef9676cc419e81e06aaa836d8) Importer(815301076,1909f56bfc062723c751e8b465ee728b)
Start importing Assets/SimpleNaturePack/Prefabs/Grass_02.prefab using Guid(ffbddc4ef9676cc419e81e06aaa836d8) Importer(815301076,1909f56bfc062723c751e8b465ee728b)  -> (artifact id: '58ba70658a6daa630a0e6a64a43f160e') in 0.009222 seconds 
========================================================================
Received Import Request.
  Time since last request: 0.000093 seconds.
  path: Assets/SimpleNaturePack/Prefabs/Bush_01.prefab
  artifactKey: Guid(3cdafb3c2f54d434894928d72d282874) Importer(815301076,1909f56bfc062723c751e8b465ee728b)
Start importing Assets/SimpleNaturePack/Prefabs/Bush_01.prefab using Guid(3cdafb3c2f54d434894928d72d282874) Importer(815301076,1909f56bfc062723c751e8b465ee728b)  -> (artifact id: '85b26b53fb6ddc2f18c7a33fcde62e85') in 0.009028 seconds 
========================================================================
Received Import Request.
  Time since last request: 0.000096 seconds.
  path: Assets/SimpleNaturePack/Prefabs/Rock_03.prefab
  artifactKey: Guid(0fde05fa0f3321942a21896ff4f0856f) Importer(815301076,1909f56bfc062723c751e8b465ee728b)
Start importing Assets/SimpleNaturePack/Prefabs/Rock_03.prefab using Guid(0fde05fa0f3321942a21896ff4f0856f) Importer(815301076,1909f56bfc062723c751e8b465ee728b)  -> (artifact id: 'e25bf4a0f8240fbf9d20b6650550d5c0') in 0.009089 seconds 
========================================================================
Received Import Request.
  Time since last request: 0.000097 seconds.
  path: Assets/SimpleNaturePack/Prefabs/Rock_01.prefab
  artifactKey: Guid(c6308cb7062fac34e8e50600086b12a1) Importer(815301076,1909f56bfc062723c751e8b465ee728b)
Start importing Assets/SimpleNaturePack/Prefabs/Rock_01.prefab using Guid(c6308cb7062fac34e8e50600086b12a1) Importer(815301076,1909f56bfc062723c751e8b465ee728b)  -> (artifact id: '12c1fe3bb3ef53a776e856d05fd155be') in 0.009280 seconds 
========================================================================
Received Import Request.
  Time since last request: 0.000106 seconds.
  path: Assets/SimpleNaturePack/Prefabs/Tree_02.prefab
  artifactKey: Guid(e289bf5debb17f6459818c207d781953) Importer(815301076,1909f56bfc062723c751e8b465ee728b)
Start importing Assets/SimpleNaturePack/Prefabs/Tree_02.prefab using Guid(e289bf5debb17f6459818c207d781953) Importer(815301076,1909f56bfc062723c751e8b465ee728b)  -> (artifact id: '2ff7dfc8b48b2aea3bce5b208d08922f') in 0.009668 seconds 
========================================================================
Received Import Request.
  Time since last request: 0.000104 seconds.
  path: Assets/SimpleNaturePack/Prefabs/Tree_03.prefab
  artifactKey: Guid(c60edd51c065ceb46b345849a03bc106) Importer(815301076,1909f56bfc062723c751e8b465ee728b)
Start importing Assets/SimpleNaturePack/Prefabs/Tree_03.prefab using Guid(c60edd51c065ceb46b345849a03bc106) Importer(815301076,1909f56bfc062723c751e8b465ee728b)  -> (artifact id: '0f8795b83748218c843ab01d52a1eab2') in 0.009659 seconds 
========================================================================
Received Import Request.
  Time since last request: 0.000124 seconds.
  path: Assets/SimpleNaturePack/Prefabs/Ground_02.prefab
  artifactKey: Guid(e2e682b966e3f644392ffbfab511e0e2) Importer(815301076,1909f56bfc062723c751e8b465ee728b)
Start importing Assets/SimpleNaturePack/Prefabs/Ground_02.prefab using Guid(e2e682b966e3f644392ffbfab511e0e2) Importer(815301076,1909f56bfc062723c751e8b465ee728b)  -> (artifact id: 'c72688dbf3f9953d2714cf7069fe69f8') in 0.009595 seconds 
========================================================================
Received Import Request.
  Time since last request: 0.000098 seconds.
  path: Assets/SimpleNaturePack/Prefabs/Bush_02.prefab
  artifactKey: Guid(b71b0f8d2f881c743a85228f3030d1cb) Importer(815301076,1909f56bfc062723c751e8b465ee728b)
Start importing Assets/SimpleNaturePack/Prefabs/Bush_02.prefab using Guid(b71b0f8d2f881c743a85228f3030d1cb) Importer(815301076,1909f56bfc062723c751e8b465ee728b)  -> (artifact id: '9b9dded58158abebd0b49fe6930ea896') in 0.008898 seconds 
========================================================================
Received Prepare
Registering precompiled user dll's ...
Registered in 0.002057 seconds.
Begin MonoManager ReloadAssembly
Native extension for WindowsStandalone target not found
Native extension for WebGL target not found
Refreshing native plugins compatible for Editor in 0.55 ms, found 2 plugins.
Preloading 0 native plugins for Editor in 0.00 ms.
Mono: successfully reloaded assembly
- Completed reload, in  0.760 seconds
Domain Reload Profiling:
	ReloadAssembly (760ms)
		BeginReloadAssembly (88ms)
			ExecutionOrderSort (0ms)
			DisableScriptedObjects (5ms)
			BackupInstance (0ms)
			ReleaseScriptingObjects (0ms)
			CreateAndSetChildDomain (28ms)
		EndReloadAssembly (630ms)
			LoadAssemblies (69ms)
			RebuildTransferFunctionScriptingTraits (0ms)
			SetupTypeCache (196ms)
			ReleaseScriptCaches (1ms)
			RebuildScriptCaches (29ms)
			SetupLoadedEditorAssemblies (268ms)
				LogAssemblyErrors (0ms)
				InitializePlatformSupportModulesInManaged (4ms)
				SetLoadedEditorAssemblies (0ms)
				RefreshPlugins (1ms)
				BeforeProcessingInitializeOnLoad (42ms)
				ProcessInitializeOnLoadAttributes (186ms)
				ProcessInitializeOnLoadMethodAttributes (31ms)
				AfterProcessingInitializeOnLoad (3ms)
				EditorAssembliesLoaded (0ms)
			ExecutionOrderSort2 (0ms)
			AwakeInstancesAfterBackupRestoration (6ms)
Platform modules already initialized, skipping
Refreshing native plugins compatible for Editor in 0.55 ms, found 2 plugins.
Preloading 0 native plugins for Editor in 0.00 ms.
Unloading 2124 Unused Serialized files (Serialized files now loaded: 0)
System memory in use before: 88.2 MB.
System memory in use after: 88.3 MB.

Unloading 46 unused Assets to reduce memory usage. Loaded Objects now: 2547.
Total: 5.043100 ms (FindLiveObjects: 0.158000 ms CreateObjectMapping: 0.089300 ms MarkObjects: 4.763400 ms  DeleteObjects: 0.031500 ms)

AssetImportParameters requested are different than current active one (requested -> active):
  custom:framework-win-MediaFoundation: 216162199b28c13a410421893ffa2e32 -> 
  custom:video-decoder-ogg-theora: a1e56fd34408186e4bbccfd4996cb3dc -> 
  custom:container-muxer-webm: aa71ff27fc2769a1b78a27578f13a17b -> 
  custom:container-demuxer-webm: 4f35f7cbe854078d1ac9338744f61a02 -> 
  custom:container-demuxer-ogg: 62fdf1f143b41e24485cea50d1cbac27 -> 
  custom:video-encoder-webm-vp8: eb34c28f22e8b96e1ab97ce403110664 -> 
  custom:video-codec-MediaFoundation-h265: 746d11721c4dcdbdad8f713fa42b33f4 -> 
  custom:video-decoder-webm-vp8: 9c59270c3fd7afecdb556c50c9e8de78 -> 
  custom:audio-decoder-ogg-vorbis: bf7c407c2cedff20999df2af8eb42d56 -> 
  custom:audio-encoder-webm-vorbis: bf7c407c2cedff20999df2af8eb42d56 -> 
========================================================================
Received Import Request.
  Time since last request: 1019.398084 seconds.
  path: Assets/Free Stylized Skybox/CubeMap/Materials/Sky_Anime_03_Day_a.mat
  artifactKey: Guid(55e64e617a8bfff4ba846574e2651eb9) Importer(815301076,1909f56bfc062723c751e8b465ee728b)
Start importing Assets/Free Stylized Skybox/CubeMap/Materials/Sky_Anime_03_Day_a.mat using Guid(55e64e617a8bfff4ba846574e2651eb9) Importer(815301076,1909f56bfc062723c751e8b465ee728b)  -> (artifact id: '147f8e59ae7de164c5b075088d95b0d0') in 0.437685 seconds 
========================================================================
Received Import Request.
  Time since last request: 0.000188 seconds.
  path: Assets/Free Stylized Skybox/CubeMap/Materials/Sky_LowPoly_02_Night_a.mat
  artifactKey: Guid(c1c961cbd00909b45b34d97fd7df5cbf) Importer(815301076,1909f56bfc062723c751e8b465ee728b)
Start importing Assets/Free Stylized Skybox/CubeMap/Materials/Sky_LowPoly_02_Night_a.mat using Guid(c1c961cbd00909b45b34d97fd7df5cbf) Importer(815301076,1909f56bfc062723c751e8b465ee728b)  -> (artifact id: 'af764b5dbb9de462421587d8462e9eb5') in 0.103866 seconds 
========================================================================
Received Import Request.
  Time since last request: 0.000121 seconds.
  path: Assets/Free Stylized Skybox/CubeMap/Materials/Sky_Anime_18_day_a.mat
  artifactKey: Guid(b2f1a98efccfb644f8e084200a249527) Importer(815301076,1909f56bfc062723c751e8b465ee728b)
Start importing Assets/Free Stylized Skybox/CubeMap/Materials/Sky_Anime_18_day_a.mat using Guid(b2f1a98efccfb644f8e084200a249527) Importer(815301076,1909f56bfc062723c751e8b465ee728b)  -> (artifact id: '33c1856a267f938a20f5558f74af1ce2') in 0.068757 seconds 
========================================================================
Received Import Request.
  Time since last request: 0.000149 seconds.
  path: Assets/Free Stylized Skybox/CubeMap/Materials/Sky_Anime_15_Day_a.mat
  artifactKey: Guid(50bf15468c19e0e40b5bf26662770a34) Importer(815301076,1909f56bfc062723c751e8b465ee728b)
Start importing Assets/Free Stylized Skybox/CubeMap/Materials/Sky_Anime_15_Day_a.mat using Guid(50bf15468c19e0e40b5bf26662770a34) Importer(815301076,1909f56bfc062723c751e8b465ee728b)  -> (artifact id: '6938e24e3e0874cceab5d3e6b916021a') in 0.067860 seconds 
========================================================================
Received Import Request.
  Time since last request: 0.000140 seconds.
  path: Assets/Free Stylized Skybox/CubeMap/Materials/Sky_Anime_11_morning_a.mat
  artifactKey: Guid(8162517b6ec2309499f99e303b29f146) Importer(815301076,1909f56bfc062723c751e8b465ee728b)
Start importing Assets/Free Stylized Skybox/CubeMap/Materials/Sky_Anime_11_morning_a.mat using Guid(8162517b6ec2309499f99e303b29f146) Importer(815301076,1909f56bfc062723c751e8b465ee728b)  -> (artifact id: '9cbb892a224e6637f78da4a0635be3ef') in 0.068501 seconds 
========================================================================
Received Import Request.
  Time since last request: 0.000162 seconds.
  path: Assets/Free Stylized Skybox/CubeMap/Materials/Sky_LowPoly_01_Day_a.mat
  artifactKey: Guid(133347283e115d147a5fcce7f47a538f) Importer(815301076,1909f56bfc062723c751e8b465ee728b)
Start importing Assets/Free Stylized Skybox/CubeMap/Materials/Sky_LowPoly_01_Day_a.mat using Guid(133347283e115d147a5fcce7f47a538f) Importer(815301076,1909f56bfc062723c751e8b465ee728b)  -> (artifact id: 'b5cfd03e869c51836e6ba386f01eea23') in 0.069615 seconds 
========================================================================
Received Import Request.
  Time since last request: 160.496553 seconds.
  path: Assets/Scenes/socketTest/LightingData.asset
  artifactKey: Guid(07e8aacf038d80644b298279fa9ad681) Importer(815301076,1909f56bfc062723c751e8b465ee728b)
Start importing Assets/Scenes/socketTest/LightingData.asset using Guid(07e8aacf038d80644b298279fa9ad681) Importer(815301076,1909f56bfc062723c751e8b465ee728b)  -> (artifact id: '9573b1558d2c6f9703d3c84c8ab4306d') in 0.007734 seconds 
========================================================================
Received Import Request.
  Time since last request: 0.000112 seconds.
  path: Assets/Scenes/socketTest/ReflectionProbe-0.exr
  artifactKey: Guid(46387cc0fa52ee44692afc359a717f4f) Importer(815301076,1909f56bfc062723c751e8b465ee728b)
Start importing Assets/Scenes/socketTest/ReflectionProbe-0.exr using Guid(46387cc0fa52ee44692afc359a717f4f) Importer(815301076,1909f56bfc062723c751e8b465ee728b)  -> (artifact id: 'cf5686573e8702d9e1674fbcf0995926') in 0.025914 seconds 
========================================================================
Received Import Request.
  Time since last request: 32.592681 seconds.
  path: Assets/Scenes/socketTest/LightingData.asset
  artifactKey: Guid(07e8aacf038d80644b298279fa9ad681) Importer(815301076,1909f56bfc062723c751e8b465ee728b)
Start importing Assets/Scenes/socketTest/LightingData.asset using Guid(07e8aacf038d80644b298279fa9ad681) Importer(815301076,1909f56bfc062723c751e8b465ee728b)  -> (artifact id: '012a14a6ba69bc559ac729a5b6054d70') in 0.002226 seconds 
========================================================================
Received Import Request.
  Time since last request: 0.000103 seconds.
  path: Assets/Scenes/socketTest/ReflectionProbe-0.exr
  artifactKey: Guid(46387cc0fa52ee44692afc359a717f4f) Importer(815301076,1909f56bfc062723c751e8b465ee728b)
Start importing Assets/Scenes/socketTest/ReflectionProbe-0.exr using Guid(46387cc0fa52ee44692afc359a717f4f) Importer(815301076,1909f56bfc062723c751e8b465ee728b)  -> (artifact id: '0641af3402035946650ebbc673bb6a3a') in 0.026482 seconds 
========================================================================
Received Prepare
Registering precompiled user dll's ...
Registered in 0.002072 seconds.
Begin MonoManager ReloadAssembly
Native extension for WindowsStandalone target not found
Native extension for WebGL target not found
Refreshing native plugins compatible for Editor in 0.55 ms, found 2 plugins.
Preloading 0 native plugins for Editor in 0.00 ms.
Mono: successfully reloaded assembly
- Completed reload, in  0.729 seconds
Domain Reload Profiling:
	ReloadAssembly (729ms)
		BeginReloadAssembly (84ms)
			ExecutionOrderSort (0ms)
			DisableScriptedObjects (4ms)
			BackupInstance (0ms)
			ReleaseScriptingObjects (0ms)
			CreateAndSetChildDomain (26ms)
		EndReloadAssembly (604ms)
			LoadAssemblies (64ms)
			RebuildTransferFunctionScriptingTraits (0ms)
			SetupTypeCache (193ms)
			ReleaseScriptCaches (1ms)
			RebuildScriptCaches (29ms)
			SetupLoadedEditorAssemblies (249ms)
				LogAssemblyErrors (0ms)
				InitializePlatformSupportModulesInManaged (4ms)
				SetLoadedEditorAssemblies (0ms)
				RefreshPlugins (1ms)
				BeforeProcessingInitializeOnLoad (42ms)
				ProcessInitializeOnLoadAttributes (168ms)
				ProcessInitializeOnLoadMethodAttributes (30ms)
				AfterProcessingInitializeOnLoad (3ms)
				EditorAssembliesLoaded (0ms)
			ExecutionOrderSort2 (0ms)
			AwakeInstancesAfterBackupRestoration (5ms)
Platform modules already initialized, skipping
Refreshing native plugins compatible for Editor in 0.53 ms, found 2 plugins.
Preloading 0 native plugins for Editor in 0.00 ms.
Unloading 2124 Unused Serialized files (Serialized files now loaded: 0)
System memory in use before: 88.5 MB.
System memory in use after: 88.6 MB.

Unloading 46 unused Assets to reduce memory usage. Loaded Objects now: 2586.
Total: 4.289500 ms (FindLiveObjects: 0.146800 ms CreateObjectMapping: 0.071700 ms MarkObjects: 4.050200 ms  DeleteObjects: 0.020100 ms)

AssetImportParameters requested are different than current active one (requested -> active):
  custom:framework-win-MediaFoundation: 216162199b28c13a410421893ffa2e32 -> 
  custom:video-decoder-ogg-theora: a1e56fd34408186e4bbccfd4996cb3dc -> 
  custom:container-muxer-webm: aa71ff27fc2769a1b78a27578f13a17b -> 
  custom:container-demuxer-webm: 4f35f7cbe854078d1ac9338744f61a02 -> 
  custom:container-demuxer-ogg: 62fdf1f143b41e24485cea50d1cbac27 -> 
  custom:video-encoder-webm-vp8: eb34c28f22e8b96e1ab97ce403110664 -> 
  custom:video-codec-MediaFoundation-h265: 746d11721c4dcdbdad8f713fa42b33f4 -> 
  custom:video-decoder-webm-vp8: 9c59270c3fd7afecdb556c50c9e8de78 -> 
  custom:audio-decoder-ogg-vorbis: bf7c407c2cedff20999df2af8eb42d56 -> 
  custom:audio-encoder-webm-vorbis: bf7c407c2cedff20999df2af8eb42d56 -> 
========================================================================
Received Import Request.
  Time since last request: 944.134071 seconds.
  path: Assets/Scenes/socketTest/LightingData.asset
  artifactKey: Guid(07e8aacf038d80644b298279fa9ad681) Importer(815301076,1909f56bfc062723c751e8b465ee728b)
Start importing Assets/Scenes/socketTest/LightingData.asset using Guid(07e8aacf038d80644b298279fa9ad681) Importer(815301076,1909f56bfc062723c751e8b465ee728b)  -> (artifact id: '13ed4e4b9898af71d42c12402c69ba1e') in 0.011903 seconds 
========================================================================
Received Prepare
Registering precompiled user dll's ...
Registered in 0.002065 seconds.
Begin MonoManager ReloadAssembly
Native extension for WindowsStandalone target not found
Native extension for WebGL target not found
Refreshing native plugins compatible for Editor in 0.57 ms, found 2 plugins.
Preloading 0 native plugins for Editor in 0.00 ms.
Mono: successfully reloaded assembly
- Completed reload, in  0.743 seconds
Domain Reload Profiling:
	ReloadAssembly (743ms)
		BeginReloadAssembly (97ms)
			ExecutionOrderSort (0ms)
			DisableScriptedObjects (5ms)
			BackupInstance (0ms)
			ReleaseScriptingObjects (0ms)
			CreateAndSetChildDomain (30ms)
		EndReloadAssembly (604ms)
			LoadAssemblies (64ms)
			RebuildTransferFunctionScriptingTraits (0ms)
			SetupTypeCache (193ms)
			ReleaseScriptCaches (1ms)
			RebuildScriptCaches (29ms)
			SetupLoadedEditorAssemblies (249ms)
				LogAssemblyErrors (0ms)
				InitializePlatformSupportModulesInManaged (4ms)
				SetLoadedEditorAssemblies (0ms)
				RefreshPlugins (1ms)
				BeforeProcessingInitializeOnLoad (42ms)
				ProcessInitializeOnLoadAttributes (168ms)
				ProcessInitializeOnLoadMethodAttributes (30ms)
				AfterProcessingInitializeOnLoad (3ms)
				EditorAssembliesLoaded (0ms)
			ExecutionOrderSort2 (0ms)
			AwakeInstancesAfterBackupRestoration (5ms)
Platform modules already initialized, skipping
Refreshing native plugins compatible for Editor in 0.54 ms, found 2 plugins.
Preloading 0 native plugins for Editor in 0.00 ms.
Unloading 2124 Unused Serialized files (Serialized files now loaded: 0)
System memory in use before: 88.5 MB.
System memory in use after: 88.7 MB.

Unloading 46 unused Assets to reduce memory usage. Loaded Objects now: 2588.
Total: 4.391400 ms (FindLiveObjects: 0.169900 ms CreateObjectMapping: 0.093900 ms MarkObjects: 4.103400 ms  DeleteObjects: 0.023600 ms)

AssetImportParameters requested are different than current active one (requested -> active):
  custom:framework-win-MediaFoundation: 216162199b28c13a410421893ffa2e32 -> 
  custom:video-decoder-ogg-theora: a1e56fd34408186e4bbccfd4996cb3dc -> 
  custom:container-muxer-webm: aa71ff27fc2769a1b78a27578f13a17b -> 
  custom:container-demuxer-webm: 4f35f7cbe854078d1ac9338744f61a02 -> 
  custom:container-demuxer-ogg: 62fdf1f143b41e24485cea50d1cbac27 -> 
  custom:video-encoder-webm-vp8: eb34c28f22e8b96e1ab97ce403110664 -> 
  custom:video-codec-MediaFoundation-h265: 746d11721c4dcdbdad8f713fa42b33f4 -> 
  custom:video-decoder-webm-vp8: 9c59270c3fd7afecdb556c50c9e8de78 -> 
  custom:audio-decoder-ogg-vorbis: bf7c407c2cedff20999df2af8eb42d56 -> 
  custom:audio-encoder-webm-vorbis: bf7c407c2cedff20999df2af8eb42d56 -> 
========================================================================
Received Import Request.
  Time since last request: 159.969096 seconds.
  path: Assets/Ball_Material.mat
  artifactKey: Guid(9d24573c1ae151d40ba94de980e04c36) Importer(815301076,1909f56bfc062723c751e8b465ee728b)
Start importing Assets/Ball_Material.mat using Guid(9d24573c1ae151d40ba94de980e04c36) Importer(815301076,1909f56bfc062723c751e8b465ee728b)  -> (artifact id: '968d3ce37442c619d78555d0c7c0fe23') in 0.041990 seconds 
========================================================================
Received Import Request.
  Time since last request: 4.065048 seconds.
  path: Assets/Cube.prefab
  artifactKey: Guid(55d5abedff2173d4dbf53f554bf99b8b) Importer(815301076,1909f56bfc062723c751e8b465ee728b)
Start importing Assets/Cube.prefab using Guid(55d5abedff2173d4dbf53f554bf99b8b) Importer(815301076,1909f56bfc062723c751e8b465ee728b)  -> (artifact id: '436da581e55447b1c20edfab093074fc') in 0.030368 seconds 
========================================================================
Received Import Request.
  Time since last request: 4.407368 seconds.
  path: Assets/Cube.prefab
  artifactKey: Guid(55d5abedff2173d4dbf53f554bf99b8b) Importer(815301076,1909f56bfc062723c751e8b465ee728b)
Start importing Assets/Cube.prefab using Guid(55d5abedff2173d4dbf53f554bf99b8b) Importer(815301076,1909f56bfc062723c751e8b465ee728b)  -> (artifact id: 'a195677162ea748aa105b0cfbaa1599a') in 0.005735 seconds 
========================================================================
Received Prepare
Registering precompiled user dll's ...
Registered in 0.002038 seconds.
Begin MonoManager ReloadAssembly
Native extension for WindowsStandalone target not found
Native extension for WebGL target not found
Refreshing native plugins compatible for Editor in 0.55 ms, found 2 plugins.
Preloading 0 native plugins for Editor in 0.00 ms.
Mono: successfully reloaded assembly
- Completed reload, in  0.807 seconds
Domain Reload Profiling:
	ReloadAssembly (808ms)
		BeginReloadAssembly (84ms)
			ExecutionOrderSort (0ms)
			DisableScriptedObjects (4ms)
			BackupInstance (0ms)
			ReleaseScriptingObjects (0ms)
			CreateAndSetChildDomain (27ms)
		EndReloadAssembly (681ms)
			LoadAssemblies (65ms)
			RebuildTransferFunctionScriptingTraits (0ms)
			SetupTypeCache (252ms)
			ReleaseScriptCaches (1ms)
			RebuildScriptCaches (40ms)
			SetupLoadedEditorAssemblies (254ms)
				LogAssemblyErrors (0ms)
				InitializePlatformSupportModulesInManaged (4ms)
				SetLoadedEditorAssemblies (0ms)
				RefreshPlugins (1ms)
				BeforeProcessingInitializeOnLoad (44ms)
				ProcessInitializeOnLoadAttributes (172ms)
				ProcessInitializeOnLoadMethodAttributes (30ms)
				AfterProcessingInitializeOnLoad (3ms)
				EditorAssembliesLoaded (0ms)
			ExecutionOrderSort2 (0ms)
			AwakeInstancesAfterBackupRestoration (5ms)
Platform modules already initialized, skipping
Refreshing native plugins compatible for Editor in 0.54 ms, found 2 plugins.
Preloading 0 native plugins for Editor in 0.00 ms.
Unloading 2124 Unused Serialized files (Serialized files now loaded: 0)
System memory in use before: 88.6 MB.
System memory in use after: 88.7 MB.

Unloading 46 unused Assets to reduce memory usage. Loaded Objects now: 2592.
Total: 4.556000 ms (FindLiveObjects: 0.161000 ms CreateObjectMapping: 0.071700 ms MarkObjects: 4.299100 ms  DeleteObjects: 0.023600 ms)

AssetImportParameters requested are different than current active one (requested -> active):
  custom:framework-win-MediaFoundation: 216162199b28c13a410421893ffa2e32 -> 
  custom:video-decoder-ogg-theora: a1e56fd34408186e4bbccfd4996cb3dc -> 
  custom:container-muxer-webm: aa71ff27fc2769a1b78a27578f13a17b -> 
  custom:container-demuxer-webm: 4f35f7cbe854078d1ac9338744f61a02 -> 
  custom:container-demuxer-ogg: 62fdf1f143b41e24485cea50d1cbac27 -> 
  custom:video-encoder-webm-vp8: eb34c28f22e8b96e1ab97ce403110664 -> 
  custom:video-codec-MediaFoundation-h265: 746d11721c4dcdbdad8f713fa42b33f4 -> 
  custom:video-decoder-webm-vp8: 9c59270c3fd7afecdb556c50c9e8de78 -> 
  custom:audio-decoder-ogg-vorbis: bf7c407c2cedff20999df2af8eb42d56 -> 
  custom:audio-encoder-webm-vorbis: bf7c407c2cedff20999df2af8eb42d56 -> 
========================================================================
Received Import Request.
  Time since last request: 221.257678 seconds.
  path: Assets/Free Stylized Skybox
  artifactKey: Guid(86076d20081122f4f986a0d08e325053) Importer(815301076,1909f56bfc062723c751e8b465ee728b)
Start importing Assets/Free Stylized Skybox using Guid(86076d20081122f4f986a0d08e325053) Importer(815301076,1909f56bfc062723c751e8b465ee728b)  -> (artifact id: 'cb572384bd4e14ee99c0c4614729883c') in 0.007415 seconds 
========================================================================
Received Import Request.
  Time since last request: 8.909344 seconds.
  path: Assets/Icons
  artifactKey: Guid(352d97132da18f741a8e34d386f8353a) Importer(815301076,1909f56bfc062723c751e8b465ee728b)
Start importing Assets/Icons using Guid(352d97132da18f741a8e34d386f8353a) Importer(815301076,1909f56bfc062723c751e8b465ee728b)  -> (artifact id: '6ea777439424dd6fe15fed85c0ce1270') in 0.005172 seconds 
========================================================================
Received Import Request.
  Time since last request: 0.040784 seconds.
  path: Assets/Icons/acorn.FBX
  artifactKey: Guid(54c6faa2dba6665438008d4e7c8ea7e5) Importer(815301076,1909f56bfc062723c751e8b465ee728b)
Start importing Assets/Icons/acorn.FBX using Guid(54c6faa2dba6665438008d4e7c8ea7e5) Importer(815301076,1909f56bfc062723c751e8b465ee728b)  -> (artifact id: '614f67239d12e61607d00182cab6a8da') in 0.077201 seconds 
========================================================================
Received Import Request.
  Time since last request: 0.000216 seconds.
  path: Assets/Icons/banana.FBX
  artifactKey: Guid(3a9857ff38f5efa41ae3ff3ff643f2bd) Importer(815301076,1909f56bfc062723c751e8b465ee728b)
Start importing Assets/Icons/banana.FBX using Guid(3a9857ff38f5efa41ae3ff3ff643f2bd) Importer(815301076,1909f56bfc062723c751e8b465ee728b)  -> (artifact id: 'b665ab61c8cce8851d09d7d004474de5') in 0.043685 seconds 
========================================================================
Received Import Request.
  Time since last request: 0.000162 seconds.
  path: Assets/Icons/apple.FBX
  artifactKey: Guid(8db774d63ffa4304fb8dddd6116ead54) Importer(815301076,1909f56bfc062723c751e8b465ee728b)
Start importing Assets/Icons/apple.FBX using Guid(8db774d63ffa4304fb8dddd6116ead54) Importer(815301076,1909f56bfc062723c751e8b465ee728b)  -> (artifact id: 'ceab1da601fd5a2b29f2c2df41b556fc') in 0.036574 seconds 
========================================================================
Received Import Request.
  Time since last request: 0.000105 seconds.
  path: Assets/Icons/pea.FBX
  artifactKey: Guid(ee17f19b050fb2f4f8322e87ecfced8e) Importer(815301076,1909f56bfc062723c751e8b465ee728b)
Start importing Assets/Icons/pea.FBX using Guid(ee17f19b050fb2f4f8322e87ecfced8e) Importer(815301076,1909f56bfc062723c751e8b465ee728b)  -> (artifact id: '7a6dde19c35c4557f4936e15b5c1dccb') in 0.035498 seconds 
========================================================================
Received Import Request.
  Time since last request: 0.000160 seconds.
  path: Assets/Icons/grape.FBX
  artifactKey: Guid(7b5ec5c57af98c349b22ae545a4a9fcd) Importer(815301076,1909f56bfc062723c751e8b465ee728b)
Start importing Assets/Icons/grape.FBX using Guid(7b5ec5c57af98c349b22ae545a4a9fcd) Importer(815301076,1909f56bfc062723c751e8b465ee728b)  -> (artifact id: 'bd2706214c846b7dcd97aafbd4cf1d84') in 0.037738 seconds 
========================================================================
Received Import Request.
  Time since last request: 0.000137 seconds.
  path: Assets/Icons/orange.FBX
  artifactKey: Guid(f889d6e3d71e9c54eaf07783b7e5348c) Importer(815301076,1909f56bfc062723c751e8b465ee728b)
Start importing Assets/Icons/orange.FBX using Guid(f889d6e3d71e9c54eaf07783b7e5348c) Importer(815301076,1909f56bfc062723c751e8b465ee728b)  -> (artifact id: 'ba528f2af2c5dd0b0acd8a1081ea9f58') in 0.030801 seconds 
========================================================================
Received Import Request.
  Time since last request: 0.000096 seconds.
  path: Assets/Icons/carrot.FBX
  artifactKey: Guid(3882ee1bc1bdf284b8872917c3979145) Importer(815301076,1909f56bfc062723c751e8b465ee728b)
Start importing Assets/Icons/carrot.FBX using Guid(3882ee1bc1bdf284b8872917c3979145) Importer(815301076,1909f56bfc062723c751e8b465ee728b)  -> (artifact id: '4dec8f838c36ae7bd3364d712797d406') in 0.032158 seconds 
========================================================================
Received Import Request.
  Time since last request: 0.000112 seconds.
  path: Assets/Icons/watermelon.FBX
  artifactKey: Guid(d9b493bbd86ef3443a770a279d0426a9) Importer(815301076,1909f56bfc062723c751e8b465ee728b)
Start importing Assets/Icons/watermelon.FBX using Guid(d9b493bbd86ef3443a770a279d0426a9) Importer(815301076,1909f56bfc062723c751e8b465ee728b)  -> (artifact id: 'c71fb18ff025ffcea307f1e151b04610') in 0.023143 seconds 
========================================================================
Received Import Request.
  Time since last request: 0.000099 seconds.
  path: Assets/Icons/kiwi.FBX
  artifactKey: Guid(944f91bda976fe544ac41f090012e16c) Importer(815301076,1909f56bfc062723c751e8b465ee728b)
Start importing Assets/Icons/kiwi.FBX using Guid(944f91bda976fe544ac41f090012e16c) Importer(815301076,1909f56bfc062723c751e8b465ee728b)  -> (artifact id: '562b48913f660d85951d00427a400e75') in 0.013220 seconds 
========================================================================
Received Import Request.
  Time since last request: 0.000106 seconds.
  path: Assets/Icons/cherry.FBX
  artifactKey: Guid(93b3b0626c40d3445a72c4ceab70561b) Importer(815301076,1909f56bfc062723c751e8b465ee728b)
Start importing Assets/Icons/cherry.FBX using Guid(93b3b0626c40d3445a72c4ceab70561b) Importer(815301076,1909f56bfc062723c751e8b465ee728b)  -> (artifact id: '12c0023d1736b9ad6d848d0674fd7ca3') in 0.012855 seconds 
========================================================================
Received Import Request.
  Time since last request: 0.000104 seconds.
  path: Assets/Icons/pumpkin.FBX
  artifactKey: Guid(e0104657a83d1374b8e7cda818970954) Importer(815301076,1909f56bfc062723c751e8b465ee728b)
Start importing Assets/Icons/pumpkin.FBX using Guid(e0104657a83d1374b8e7cda818970954) Importer(815301076,1909f56bfc062723c751e8b465ee728b)  -> (artifact id: '5053f1ae5925c5040cf28cb6740ea34e') in 0.012777 seconds 
========================================================================
Received Import Request.
  Time since last request: 0.000099 seconds.
  path: Assets/Icons/tomato.FBX
  artifactKey: Guid(292237ffd3dc1444c828be3c90e1d862) Importer(815301076,1909f56bfc062723c751e8b465ee728b)
Start importing Assets/Icons/tomato.FBX using Guid(292237ffd3dc1444c828be3c90e1d862) Importer(815301076,1909f56bfc062723c751e8b465ee728b)  -> (artifact id: '87158ef7f881a95ea174ebd2bd2861f8') in 0.013020 seconds 
========================================================================
Received Import Request.
  Time since last request: 0.000097 seconds.
  path: Assets/Icons/lemon.FBX
  artifactKey: Guid(c7babd0d9f849c9449d1c29e86f6245f) Importer(815301076,1909f56bfc062723c751e8b465ee728b)
Start importing Assets/Icons/lemon.FBX using Guid(c7babd0d9f849c9449d1c29e86f6245f) Importer(815301076,1909f56bfc062723c751e8b465ee728b)  -> (artifact id: 'e7c9407326886caf9771a59a5991535b') in 0.013801 seconds 
========================================================================
Received Import Request.
  Time since last request: 10.200175 seconds.
  path: Assets/Icons/Texture
  artifactKey: Guid(b30193c84f0285e40a9bd1a820711b82) Importer(815301076,1909f56bfc062723c751e8b465ee728b)
Start importing Assets/Icons/Texture using Guid(b30193c84f0285e40a9bd1a820711b82) Importer(815301076,1909f56bfc062723c751e8b465ee728b)  -> (artifact id: '8c899567e040a5e0a8a04bf2f19f3ccb') in 0.005019 seconds 
========================================================================
Received Import Request.
  Time since last request: 0.274674 seconds.
  path: Assets/Icons/Texture/apple.png
  artifactKey: Guid(c2f30082f458a5b4c987c012665d79d6) Importer(815301076,1909f56bfc062723c751e8b465ee728b)
Start importing Assets/Icons/Texture/apple.png using Guid(c2f30082f458a5b4c987c012665d79d6) Importer(815301076,1909f56bfc062723c751e8b465ee728b)  -> (artifact id: 'a6c91565774058344bb3caa1c6479567') in 0.031217 seconds 
========================================================================
Received Import Request.
  Time since last request: 0.000109 seconds.
  path: Assets/Icons/Texture/pea.png
  artifactKey: Guid(723b57086a510e4478d422cfc434dbf7) Importer(815301076,1909f56bfc062723c751e8b465ee728b)
Start importing Assets/Icons/Texture/pea.png using Guid(723b57086a510e4478d422cfc434dbf7) Importer(815301076,1909f56bfc062723c751e8b465ee728b)  -> (artifact id: '37e6ae0faf6c4caedb7589ea5466c4bf') in 0.042355 seconds 
========================================================================
Received Import Request.
  Time since last request: 0.000107 seconds.
  path: Assets/Icons/Texture/pumpkin.png
  artifactKey: Guid(536dfbe081f039f459a45846fb0e1334) Importer(815301076,1909f56bfc062723c751e8b465ee728b)
Start importing Assets/Icons/Texture/pumpkin.png using Guid(536dfbe081f039f459a45846fb0e1334) Importer(815301076,1909f56bfc062723c751e8b465ee728b)  -> (artifact id: '1e8d783ab14c2ea9c716f377088bc571') in 0.029101 seconds 
========================================================================
Received Import Request.
  Time since last request: 0.000132 seconds.
  path: Assets/Icons/Texture/grape.png
  artifactKey: Guid(e4ed34692dc8ea64caf4e4bda82232a1) Importer(815301076,1909f56bfc062723c751e8b465ee728b)
Start importing Assets/Icons/Texture/grape.png using Guid(e4ed34692dc8ea64caf4e4bda82232a1) Importer(815301076,1909f56bfc062723c751e8b465ee728b)  -> (artifact id: '61777fbcea03ec0c3f8ede7a5b38788c') in 0.030607 seconds 
========================================================================
Received Import Request.
  Time since last request: 0.000106 seconds.
  path: Assets/Icons/Texture/banana.png
  artifactKey: Guid(2627668ad878466459156aef8b2b18b8) Importer(815301076,1909f56bfc062723c751e8b465ee728b)
Start importing Assets/Icons/Texture/banana.png using Guid(2627668ad878466459156aef8b2b18b8) Importer(815301076,1909f56bfc062723c751e8b465ee728b)  -> (artifact id: '761d7ec31950fb42c6317fc6c85dfed3') in 0.031993 seconds 
========================================================================
Received Import Request.
  Time since last request: 0.000130 seconds.
  path: Assets/Icons/Texture/carrot.png
  artifactKey: Guid(f3601bb367713b444aa76f828b2e57bb) Importer(815301076,1909f56bfc062723c751e8b465ee728b)
Start importing Assets/Icons/Texture/carrot.png using Guid(f3601bb367713b444aa76f828b2e57bb) Importer(815301076,1909f56bfc062723c751e8b465ee728b)  -> (artifact id: '6a7d1c0bfe706917e6dcc4ec01d7a3d4') in 0.011767 seconds 
========================================================================
Received Import Request.
  Time since last request: 0.000137 seconds.
  path: Assets/Icons/Texture/cherry.png
  artifactKey: Guid(74818cd15a48c084b86e23cf3b8ec853) Importer(815301076,1909f56bfc062723c751e8b465ee728b)
Start importing Assets/Icons/Texture/cherry.png using Guid(74818cd15a48c084b86e23cf3b8ec853) Importer(815301076,1909f56bfc062723c751e8b465ee728b)  -> (artifact id: '5795276ca0e23a65047a57e0607de566') in 0.039339 seconds 
========================================================================
Received Import Request.
  Time since last request: 0.000127 seconds.
  path: Assets/Icons/Texture/tomato.png
  artifactKey: Guid(a77e329d9a3afd244ac507a7d3ed38fd) Importer(815301076,1909f56bfc062723c751e8b465ee728b)
Start importing Assets/Icons/Texture/tomato.png using Guid(a77e329d9a3afd244ac507a7d3ed38fd) Importer(815301076,1909f56bfc062723c751e8b465ee728b)  -> (artifact id: 'b906ad1a524e6bee2eff7f509b3f6771') in 0.009782 seconds 
========================================================================
Received Import Request.
  Time since last request: 0.000107 seconds.
  path: Assets/Icons/Texture/lemon.png
  artifactKey: Guid(8c3142dee385236408c7a741081c1c12) Importer(815301076,1909f56bfc062723c751e8b465ee728b)
Start importing Assets/Icons/Texture/lemon.png using Guid(8c3142dee385236408c7a741081c1c12) Importer(815301076,1909f56bfc062723c751e8b465ee728b)  -> (artifact id: 'e737c776b03db9211fa2d7de20cc8795') in 0.010778 seconds 
========================================================================
Received Import Request.
  Time since last request: 0.000114 seconds.
  path: Assets/Icons/Texture/watermelon.png
  artifactKey: Guid(4686f17080e462248b5128ca69da6052) Importer(815301076,1909f56bfc062723c751e8b465ee728b)
Start importing Assets/Icons/Texture/watermelon.png using Guid(4686f17080e462248b5128ca69da6052) Importer(815301076,1909f56bfc062723c751e8b465ee728b)  -> (artifact id: 'b274cbd840a1ff8fcb936ae2f7d5e351') in 0.007851 seconds 
========================================================================
Received Import Request.
  Time since last request: 0.000093 seconds.
  path: Assets/Icons/Texture/orange.png
  artifactKey: Guid(7bda1af6a801c4b4c8b1f3c91347f3b7) Importer(815301076,1909f56bfc062723c751e8b465ee728b)
Start importing Assets/Icons/Texture/orange.png using Guid(7bda1af6a801c4b4c8b1f3c91347f3b7) Importer(815301076,1909f56bfc062723c751e8b465ee728b)  -> (artifact id: 'e9ac0b95f1514c234e32b651f65a4ba3') in 0.008336 seconds 
========================================================================
Received Import Request.
  Time since last request: 0.000105 seconds.
  path: Assets/Icons/Texture/kiwi.png
  artifactKey: Guid(b8ff4afdd8fafe24cbafd0aa3883cf32) Importer(815301076,1909f56bfc062723c751e8b465ee728b)
Start importing Assets/Icons/Texture/kiwi.png using Guid(b8ff4afdd8fafe24cbafd0aa3883cf32) Importer(815301076,1909f56bfc062723c751e8b465ee728b)  -> (artifact id: 'ace41dddfdb277e5d4f434ffc4897077') in 0.008091 seconds 
========================================================================
Received Import Request.
  Time since last request: 1.823274 seconds.
  path: Assets/Icons/Materials
  artifactKey: Guid(6d458663e13daaa46b335df70ca59514) Importer(815301076,1909f56bfc062723c751e8b465ee728b)
Start importing Assets/Icons/Materials using Guid(6d458663e13daaa46b335df70ca59514) Importer(815301076,1909f56bfc062723c751e8b465ee728b)  -> (artifact id: '7811c1889a0d8b1391c8853c50dfd75c') in 0.006484 seconds 
========================================================================
Received Import Request.
  Time since last request: 0.062009 seconds.
  path: Assets/Icons/Materials/acorn.mat
  artifactKey: Guid(64ff37d311a4a1943965f5aee70acc7b) Importer(815301076,1909f56bfc062723c751e8b465ee728b)
Start importing Assets/Icons/Materials/acorn.mat using Guid(64ff37d311a4a1943965f5aee70acc7b) Importer(815301076,1909f56bfc062723c751e8b465ee728b)  -> (artifact id: 'fddf32458b00f444805fc362c88fb1d9') in 0.014867 seconds 
========================================================================
Received Import Request.
  Time since last request: 0.000102 seconds.
  path: Assets/Icons/Materials/watermelon.mat
  artifactKey: Guid(6bd2b58dc076c4d47a02dcdf73ab92fe) Importer(815301076,1909f56bfc062723c751e8b465ee728b)
Start importing Assets/Icons/Materials/watermelon.mat using Guid(6bd2b58dc076c4d47a02dcdf73ab92fe) Importer(815301076,1909f56bfc062723c751e8b465ee728b)  -> (artifact id: 'ab033a7d8f1189c4d2c45c3ba4d97fe2') in 0.010600 seconds 
========================================================================
Received Import Request.
  Time since last request: 0.000104 seconds.
  path: Assets/Icons/Materials/hambuger.mat
  artifactKey: Guid(ffe3fc609056234419b00037ba214929) Importer(815301076,1909f56bfc062723c751e8b465ee728b)
Start importing Assets/Icons/Materials/hambuger.mat using Guid(ffe3fc609056234419b00037ba214929) Importer(815301076,1909f56bfc062723c751e8b465ee728b)  -> (artifact id: '436c20992c56770af12c1047046996c4') in 0.008682 seconds 
========================================================================
Received Import Request.
  Time since last request: 0.000103 seconds.
  path: Assets/Icons/Materials/waffle.mat
  artifactKey: Guid(5c5fd0eba87452a4886875462903c845) Importer(815301076,1909f56bfc062723c751e8b465ee728b)
Start importing Assets/Icons/Materials/waffle.mat using Guid(5c5fd0eba87452a4886875462903c845) Importer(815301076,1909f56bfc062723c751e8b465ee728b)  -> (artifact id: '4e551e297644f5df806fec5ae819cdb2') in 0.008461 seconds 
========================================================================
Received Import Request.
  Time since last request: 0.000092 seconds.
  path: Assets/Icons/Materials/pea.mat
  artifactKey: Guid(5d57b8eb1c97bc344a0d291584f3a676) Importer(815301076,1909f56bfc062723c751e8b465ee728b)
Start importing Assets/Icons/Materials/pea.mat using Guid(5d57b8eb1c97bc344a0d291584f3a676) Importer(815301076,1909f56bfc062723c751e8b465ee728b)  -> (artifact id: '945406e9f09040eb6ad41779f49c0d82') in 0.009381 seconds 
========================================================================
Received Import Request.
  Time since last request: 0.000105 seconds.
  path: Assets/Icons/Materials/carrot.mat
  artifactKey: Guid(f274503948bb31f44b5e75a2a8bb9ef3) Importer(815301076,1909f56bfc062723c751e8b465ee728b)
Start importing Assets/Icons/Materials/carrot.mat using Guid(f274503948bb31f44b5e75a2a8bb9ef3) Importer(815301076,1909f56bfc062723c751e8b465ee728b)  -> (artifact id: '5295c5c3be5111d041d2b8ec25427893') in 0.009263 seconds 
========================================================================
Received Import Request.
  Time since last request: 0.000101 seconds.
  path: Assets/Icons/Materials/tomato.mat
  artifactKey: Guid(44b4ed17b2e41b24ca1348ab2a5bded9) Importer(815301076,1909f56bfc062723c751e8b465ee728b)
Start importing Assets/Icons/Materials/tomato.mat using Guid(44b4ed17b2e41b24ca1348ab2a5bded9) Importer(815301076,1909f56bfc062723c751e8b465ee728b)  -> (artifact id: 'a7aa0b8696cb0ed4878faa0e8e3c6e5f') in 0.009106 seconds 
========================================================================
Received Import Request.
  Time since last request: 0.000101 seconds.
  path: Assets/Icons/Materials/cake.mat
  artifactKey: Guid(98be6694fa41fa84ea1a858a6902d16d) Importer(815301076,1909f56bfc062723c751e8b465ee728b)
Start importing Assets/Icons/Materials/cake.mat using Guid(98be6694fa41fa84ea1a858a6902d16d) Importer(815301076,1909f56bfc062723c751e8b465ee728b)  -> (artifact id: '81e3dae21d0a3d69870af1a17f26bbdb') in 0.008534 seconds 
========================================================================
Received Import Request.
  Time since last request: 0.000103 seconds.
  path: Assets/Icons/Materials/candy.mat
  artifactKey: Guid(af2cdb5d9026f3a4db2cac8425ae81a7) Importer(815301076,1909f56bfc062723c751e8b465ee728b)
Start importing Assets/Icons/Materials/candy.mat using Guid(af2cdb5d9026f3a4db2cac8425ae81a7) Importer(815301076,1909f56bfc062723c751e8b465ee728b)  -> (artifact id: '57fef1e4700c2d91809def948ca4c459') in 0.008869 seconds 
========================================================================
Received Import Request.
  Time since last request: 0.000096 seconds.
  path: Assets/Icons/Materials/cherry.mat
  artifactKey: Guid(3d850d665b98b8444afe9d554ce1c47f) Importer(815301076,1909f56bfc062723c751e8b465ee728b)
Start importing Assets/Icons/Materials/cherry.mat using Guid(3d850d665b98b8444afe9d554ce1c47f) Importer(815301076,1909f56bfc062723c751e8b465ee728b)  -> (artifact id: 'e7a86bf10dbc0f674c027c9f94792573') in 0.009166 seconds 
========================================================================
Received Import Request.
  Time since last request: 0.000099 seconds.
  path: Assets/Icons/Materials/ham.mat
  artifactKey: Guid(cbaf29cd220a6ac4b8541cffd4bce6c3) Importer(815301076,1909f56bfc062723c751e8b465ee728b)
Start importing Assets/Icons/Materials/ham.mat using Guid(cbaf29cd220a6ac4b8541cffd4bce6c3) Importer(815301076,1909f56bfc062723c751e8b465ee728b)  -> (artifact id: '3c2e4079c8094685dab408e9884259bc') in 0.008660 seconds 
========================================================================
Received Import Request.
  Time since last request: 0.000102 seconds.
  path: Assets/Icons/Materials/banana.mat
  artifactKey: Guid(22c02f96b7ac27641a0938430976c336) Importer(815301076,1909f56bfc062723c751e8b465ee728b)
Start importing Assets/Icons/Materials/banana.mat using Guid(22c02f96b7ac27641a0938430976c336) Importer(815301076,1909f56bfc062723c751e8b465ee728b)  -> (artifact id: '48573f82f4e1d333ba366a63b0450c17') in 0.009213 seconds 
========================================================================
Received Import Request.
  Time since last request: 0.000103 seconds.
  path: Assets/Icons/Materials/kiwi.mat
  artifactKey: Guid(35df70c96cd7d1c47bf0e45ce6b6eb29) Importer(815301076,1909f56bfc062723c751e8b465ee728b)
Start importing Assets/Icons/Materials/kiwi.mat using Guid(35df70c96cd7d1c47bf0e45ce6b6eb29) Importer(815301076,1909f56bfc062723c751e8b465ee728b)  -> (artifact id: '31caeda49d83b0f98eae5464bf665717') in 0.009623 seconds 
========================================================================
Received Import Request.
  Time since last request: 0.000101 seconds.
  path: Assets/Icons/Materials/lemon.mat
  artifactKey: Guid(8a87a3521873741428438ff9ad64100f) Importer(815301076,1909f56bfc062723c751e8b465ee728b)
Start importing Assets/Icons/Materials/lemon.mat using Guid(8a87a3521873741428438ff9ad64100f) Importer(815301076,1909f56bfc062723c751e8b465ee728b)  -> (artifact id: '03c416a7e4ee1570eb775a65653c8330') in 0.010134 seconds 
========================================================================
Received Import Request.
  Time since last request: 0.000118 seconds.
  path: Assets/Icons/Materials/yogurt.mat
  artifactKey: Guid(d097815037ccdfb4d8b8cf147b30c4c9) Importer(815301076,1909f56bfc062723c751e8b465ee728b)
Start importing Assets/Icons/Materials/yogurt.mat using Guid(d097815037ccdfb4d8b8cf147b30c4c9) Importer(815301076,1909f56bfc062723c751e8b465ee728b)  -> (artifact id: '0593e0aac3c704f3e249953b19f41409') in 0.009097 seconds 
========================================================================
Received Import Request.
  Time since last request: 0.000103 seconds.
  path: Assets/Icons/Materials/egg.mat
  artifactKey: Guid(7ae03169b57166c4da2b50319076b8bd) Importer(815301076,1909f56bfc062723c751e8b465ee728b)
Start importing Assets/Icons/Materials/egg.mat using Guid(7ae03169b57166c4da2b50319076b8bd) Importer(815301076,1909f56bfc062723c751e8b465ee728b)  -> (artifact id: '7955c54927debd17f06663f36e3ddc11') in 0.009054 seconds 
========================================================================
Received Import Request.
  Time since last request: 0.000105 seconds.
  path: Assets/Icons/Materials/garlic.mat
  artifactKey: Guid(6c6ec8c14d36c5e4aac62b93944256a9) Importer(815301076,1909f56bfc062723c751e8b465ee728b)
Start importing Assets/Icons/Materials/garlic.mat using Guid(6c6ec8c14d36c5e4aac62b93944256a9) Importer(815301076,1909f56bfc062723c751e8b465ee728b)  -> (artifact id: '3a3b2ad88043832618638a511593e06f') in 0.009226 seconds 
========================================================================
Received Import Request.
  Time since last request: 0.000111 seconds.
  path: Assets/Icons/Materials/orange.mat
  artifactKey: Guid(f4b3962011988944db8c8e11657fdb8f) Importer(815301076,1909f56bfc062723c751e8b465ee728b)
Start importing Assets/Icons/Materials/orange.mat using Guid(f4b3962011988944db8c8e11657fdb8f) Importer(815301076,1909f56bfc062723c751e8b465ee728b)  -> (artifact id: '8036fb8a7c4f8a0bc9933027c660cf04') in 0.009381 seconds 
========================================================================
Received Import Request.
  Time since last request: 0.000093 seconds.
  path: Assets/Icons/Materials/onion.mat
  artifactKey: Guid(08258fe779789c54d83bbb5f1bb6b7ba) Importer(815301076,1909f56bfc062723c751e8b465ee728b)
Start importing Assets/Icons/Materials/onion.mat using Guid(08258fe779789c54d83bbb5f1bb6b7ba) Importer(815301076,1909f56bfc062723c751e8b465ee728b)  -> (artifact id: '7db5cc57cab4904f68478b33af2a9e3b') in 0.008781 seconds 
========================================================================
Received Import Request.
  Time since last request: 0.000104 seconds.
  path: Assets/Icons/Materials/apple.mat
  artifactKey: Guid(3991cc4f6da65944bbf74decaf5aa4ee) Importer(815301076,1909f56bfc062723c751e8b465ee728b)
Start importing Assets/Icons/Materials/apple.mat using Guid(3991cc4f6da65944bbf74decaf5aa4ee) Importer(815301076,1909f56bfc062723c751e8b465ee728b)  -> (artifact id: '2cec3cebb36372fc3f312932166ff3b4') in 0.009747 seconds 
========================================================================
Received Import Request.
  Time since last request: 0.000107 seconds.
  path: Assets/Icons/Materials/grape.mat
  artifactKey: Guid(9bdfeddce03b7034ea8e7a08037c9c53) Importer(815301076,1909f56bfc062723c751e8b465ee728b)
Start importing Assets/Icons/Materials/grape.mat using Guid(9bdfeddce03b7034ea8e7a08037c9c53) Importer(815301076,1909f56bfc062723c751e8b465ee728b)  -> (artifact id: '8c7f4bff245d86cbc69299bbf4eae521') in 0.009601 seconds 
========================================================================
Received Import Request.
  Time since last request: 0.000116 seconds.
  path: Assets/Icons/Materials/icecream.mat
  artifactKey: Guid(ae71949ca2523ff4d9c252b6ce7e87b4) Importer(815301076,1909f56bfc062723c751e8b465ee728b)
Start importing Assets/Icons/Materials/icecream.mat using Guid(ae71949ca2523ff4d9c252b6ce7e87b4) Importer(815301076,1909f56bfc062723c751e8b465ee728b)  -> (artifact id: '3972a272ef61d09db43d3f74d742351e') in 0.008735 seconds 
========================================================================
Received Import Request.
  Time since last request: 0.000106 seconds.
  path: Assets/Icons/Materials/mushroom.mat
  artifactKey: Guid(e856e0e4091111a4da3fcfe0845191cb) Importer(815301076,1909f56bfc062723c751e8b465ee728b)
Start importing Assets/Icons/Materials/mushroom.mat using Guid(e856e0e4091111a4da3fcfe0845191cb) Importer(815301076,1909f56bfc062723c751e8b465ee728b)  -> (artifact id: '8482f5ed4cda1aee8ea139aca8d5bf2f') in 0.008502 seconds 
========================================================================
Received Import Request.
  Time since last request: 0.000114 seconds.
  path: Assets/Icons/Materials/pizza.mat
  artifactKey: Guid(404a8923f5ace844789db66718db211f) Importer(815301076,1909f56bfc062723c751e8b465ee728b)
Start importing Assets/Icons/Materials/pizza.mat using Guid(404a8923f5ace844789db66718db211f) Importer(815301076,1909f56bfc062723c751e8b465ee728b)  -> (artifact id: 'fd4815ca8f4ae49f97d22d896ea61be7') in 0.009025 seconds 
========================================================================
Received Import Request.
  Time since last request: 0.000098 seconds.
  path: Assets/Icons/Materials/yam.mat
  artifactKey: Guid(4a88cfbbce20beb4aa4de24fc90e3f72) Importer(815301076,1909f56bfc062723c751e8b465ee728b)
Start importing Assets/Icons/Materials/yam.mat using Guid(4a88cfbbce20beb4aa4de24fc90e3f72) Importer(815301076,1909f56bfc062723c751e8b465ee728b)  -> (artifact id: '86506ee5b88df38f766961c0b8aa7631') in 0.008693 seconds 
========================================================================
Received Import Request.
  Time since last request: 0.000123 seconds.
  path: Assets/Icons/Materials/pumpkin.mat
  artifactKey: Guid(638042ec668ac9f49b4925cfb415cf4b) Importer(815301076,1909f56bfc062723c751e8b465ee728b)
Start importing Assets/Icons/Materials/pumpkin.mat using Guid(638042ec668ac9f49b4925cfb415cf4b) Importer(815301076,1909f56bfc062723c751e8b465ee728b)  -> (artifact id: '5a99d4086910e9734c950908e2e61e1e') in 0.009781 seconds 
========================================================================
Received Import Request.
  Time since last request: 60.439080 seconds.
  path: Assets/SimpleNaturePack/Models/Tree_03.fbx
  artifactKey: Guid(69f0af3a0a6c73b4ab4b89eb82cdc488) Importer(815301076,1909f56bfc062723c751e8b465ee728b)
Start importing Assets/SimpleNaturePack/Models/Tree_03.fbx using Guid(69f0af3a0a6c73b4ab4b89eb82cdc488) Importer(815301076,1909f56bfc062723c751e8b465ee728b)  -> (artifact id: 'c42051df988b3f6bb1efd413c112f0e2') in 0.022174 seconds 
========================================================================
Received Import Request.
  Time since last request: 0.757920 seconds.
  path: Assets/SimpleNaturePack/Models/Tree_01.fbx
  artifactKey: Guid(6c7eaede4efc960409fb9ef2dfb77f29) Importer(815301076,1909f56bfc062723c751e8b465ee728b)
Start importing Assets/SimpleNaturePack/Models/Tree_01.fbx using Guid(6c7eaede4efc960409fb9ef2dfb77f29) Importer(815301076,1909f56bfc062723c751e8b465ee728b)  -> (artifact id: 'e920bfa48eb5eab6bda7ca931ac28dbe') in 0.012051 seconds 
========================================================================
Received Import Request.
  Time since last request: 0.000105 seconds.
  path: Assets/SimpleNaturePack/Models/Tree_02.fbx
  artifactKey: Guid(4471b1f7f824e4d44887e1364c6fc61a) Importer(815301076,1909f56bfc062723c751e8b465ee728b)
Start importing Assets/SimpleNaturePack/Models/Tree_02.fbx using Guid(4471b1f7f824e4d44887e1364c6fc61a) Importer(815301076,1909f56bfc062723c751e8b465ee728b)  -> (artifact id: '3a66c627291725408834757d3455aafa') in 0.028683 seconds 
========================================================================
Received Prepare
Registering precompiled user dll's ...
Registered in 0.002008 seconds.
Begin MonoManager ReloadAssembly
Native extension for WindowsStandalone target not found
Native extension for WebGL target not found
Refreshing native plugins compatible for Editor in 0.57 ms, found 2 plugins.
Preloading 0 native plugins for Editor in 0.00 ms.
Mono: successfully reloaded assembly
- Completed reload, in  0.733 seconds
Domain Reload Profiling:
	ReloadAssembly (733ms)
		BeginReloadAssembly (83ms)
			ExecutionOrderSort (0ms)
			DisableScriptedObjects (4ms)
			BackupInstance (0ms)
			ReleaseScriptingObjects (0ms)
			CreateAndSetChildDomain (25ms)
		EndReloadAssembly (609ms)
			LoadAssemblies (66ms)
			RebuildTransferFunctionScriptingTraits (0ms)
			SetupTypeCache (195ms)
			ReleaseScriptCaches (1ms)
			RebuildScriptCaches (29ms)
			SetupLoadedEditorAssemblies (250ms)
				LogAssemblyErrors (0ms)
				InitializePlatformSupportModulesInManaged (4ms)
				SetLoadedEditorAssemblies (0ms)
				RefreshPlugins (1ms)
				BeforeProcessingInitializeOnLoad (43ms)
				ProcessInitializeOnLoadAttributes (169ms)
				ProcessInitializeOnLoadMethodAttributes (30ms)
				AfterProcessingInitializeOnLoad (3ms)
				EditorAssembliesLoaded (0ms)
			ExecutionOrderSort2 (0ms)
			AwakeInstancesAfterBackupRestoration (5ms)
Platform modules already initialized, skipping
Refreshing native plugins compatible for Editor in 0.55 ms, found 2 plugins.
Preloading 0 native plugins for Editor in 0.00 ms.
Unloading 2124 Unused Serialized files (Serialized files now loaded: 0)
System memory in use before: 89.0 MB.
System memory in use after: 89.1 MB.

Unloading 47 unused Assets to reduce memory usage. Loaded Objects now: 2600.
Total: 4.670800 ms (FindLiveObjects: 0.146700 ms CreateObjectMapping: 0.069800 ms MarkObjects: 4.427900 ms  DeleteObjects: 0.025800 ms)

AssetImportParameters requested are different than current active one (requested -> active):
  custom:framework-win-MediaFoundation: 216162199b28c13a410421893ffa2e32 -> 
  custom:video-decoder-ogg-theora: a1e56fd34408186e4bbccfd4996cb3dc -> 
  custom:container-muxer-webm: aa71ff27fc2769a1b78a27578f13a17b -> 
  custom:container-demuxer-webm: 4f35f7cbe854078d1ac9338744f61a02 -> 
  custom:container-demuxer-ogg: 62fdf1f143b41e24485cea50d1cbac27 -> 
  custom:video-encoder-webm-vp8: eb34c28f22e8b96e1ab97ce403110664 -> 
  custom:video-codec-MediaFoundation-h265: 746d11721c4dcdbdad8f713fa42b33f4 -> 
  custom:video-decoder-webm-vp8: 9c59270c3fd7afecdb556c50c9e8de78 -> 
  custom:audio-decoder-ogg-vorbis: bf7c407c2cedff20999df2af8eb42d56 -> 
  custom:audio-encoder-webm-vorbis: bf7c407c2cedff20999df2af8eb42d56 -> 
========================================================================
Received Import Request.
  Time since last request: 5.203506 seconds.
  path: Assets/Cube.prefab
  artifactKey: Guid(55d5abedff2173d4dbf53f554bf99b8b) Importer(815301076,1909f56bfc062723c751e8b465ee728b)
Start importing Assets/Cube.prefab using Guid(55d5abedff2173d4dbf53f554bf99b8b) Importer(815301076,1909f56bfc062723c751e8b465ee728b)  -> (artifact id: 'fcf1f1333578f47e47f92981f764483d') in 0.040488 seconds 
========================================================================
Received Prepare
Registering precompiled user dll's ...
Registered in 0.002099 seconds.
Begin MonoManager ReloadAssembly
Native extension for WindowsStandalone target not found
Native extension for WebGL target not found
Refreshing native plugins compatible for Editor in 0.56 ms, found 2 plugins.
Preloading 0 native plugins for Editor in 0.00 ms.
Mono: successfully reloaded assembly
- Completed reload, in  0.723 seconds
Domain Reload Profiling:
	ReloadAssembly (723ms)
		BeginReloadAssembly (81ms)
			ExecutionOrderSort (0ms)
			DisableScriptedObjects (4ms)
			BackupInstance (0ms)
			ReleaseScriptingObjects (0ms)
			CreateAndSetChildDomain (25ms)
		EndReloadAssembly (599ms)
			LoadAssemblies (64ms)
			RebuildTransferFunctionScriptingTraits (0ms)
			SetupTypeCache (192ms)
			ReleaseScriptCaches (1ms)
			RebuildScriptCaches (29ms)
			SetupLoadedEditorAssemblies (244ms)
				LogAssemblyErrors (0ms)
				InitializePlatformSupportModulesInManaged (4ms)
				SetLoadedEditorAssemblies (0ms)
				RefreshPlugins (1ms)
				BeforeProcessingInitializeOnLoad (42ms)
				ProcessInitializeOnLoadAttributes (164ms)
				ProcessInitializeOnLoadMethodAttributes (30ms)
				AfterProcessingInitializeOnLoad (3ms)
				EditorAssembliesLoaded (0ms)
			ExecutionOrderSort2 (0ms)
			AwakeInstancesAfterBackupRestoration (5ms)
Platform modules already initialized, skipping
Refreshing native plugins compatible for Editor in 0.56 ms, found 2 plugins.
Preloading 0 native plugins for Editor in 0.00 ms.
Unloading 2124 Unused Serialized files (Serialized files now loaded: 0)
System memory in use before: 89.0 MB.
System memory in use after: 89.1 MB.

Unloading 46 unused Assets to reduce memory usage. Loaded Objects now: 2603.
Total: 4.359000 ms (FindLiveObjects: 0.143600 ms CreateObjectMapping: 0.080800 ms MarkObjects: 4.114200 ms  DeleteObjects: 0.019700 ms)

AssetImportParameters requested are different than current active one (requested -> active):
  custom:framework-win-MediaFoundation: 216162199b28c13a410421893ffa2e32 -> 
  custom:video-decoder-ogg-theora: a1e56fd34408186e4bbccfd4996cb3dc -> 
  custom:container-muxer-webm: aa71ff27fc2769a1b78a27578f13a17b -> 
  custom:container-demuxer-webm: 4f35f7cbe854078d1ac9338744f61a02 -> 
  custom:container-demuxer-ogg: 62fdf1f143b41e24485cea50d1cbac27 -> 
  custom:video-encoder-webm-vp8: eb34c28f22e8b96e1ab97ce403110664 -> 
  custom:video-codec-MediaFoundation-h265: 746d11721c4dcdbdad8f713fa42b33f4 -> 
  custom:video-decoder-webm-vp8: 9c59270c3fd7afecdb556c50c9e8de78 -> 
  custom:audio-decoder-ogg-vorbis: bf7c407c2cedff20999df2af8eb42d56 -> 
  custom:audio-encoder-webm-vorbis: bf7c407c2cedff20999df2af8eb42d56 -> 
========================================================================
Received Import Request.
  Time since last request: 35.066347 seconds.
  path: Assets/Cube.prefab
  artifactKey: Guid(55d5abedff2173d4dbf53f554bf99b8b) Importer(815301076,1909f56bfc062723c751e8b465ee728b)
Start importing Assets/Cube.prefab using Guid(55d5abedff2173d4dbf53f554bf99b8b) Importer(815301076,1909f56bfc062723c751e8b465ee728b)  -> (artifact id: '5e6add426fc137329e636bb3da98aa09') in 0.037383 seconds 
========================================================================
Received Import Request.
  Time since last request: 14.724365 seconds.
  path: Packages/com.unity.purchasing/Icons/LinkBlack.png
  artifactKey: Guid(33d3dd2c39dfd49a3b2d36b20225624a) Importer(815301076,1909f56bfc062723c751e8b465ee728b)
Start importing Packages/com.unity.purchasing/Icons/LinkBlack.png using Guid(33d3dd2c39dfd49a3b2d36b20225624a) Importer(815301076,1909f56bfc062723c751e8b465ee728b)  -> (artifact id: '6773dec06f9e18e47b3cedf3d6d1ab34') in 0.012018 seconds 
========================================================================
Received Prepare
Registering precompiled user dll's ...
Registered in 0.002228 seconds.
Begin MonoManager ReloadAssembly
Native extension for WindowsStandalone target not found
Native extension for WebGL target not found
Refreshing native plugins compatible for Editor in 0.55 ms, found 2 plugins.
Preloading 0 native plugins for Editor in 0.00 ms.
Mono: successfully reloaded assembly
- Completed reload, in  0.722 seconds
Domain Reload Profiling:
	ReloadAssembly (723ms)
		BeginReloadAssembly (81ms)
			ExecutionOrderSort (0ms)
			DisableScriptedObjects (4ms)
			BackupInstance (0ms)
			ReleaseScriptingObjects (0ms)
			CreateAndSetChildDomain (25ms)
		EndReloadAssembly (600ms)
			LoadAssemblies (63ms)
			RebuildTransferFunctionScriptingTraits (0ms)
			SetupTypeCache (190ms)
			ReleaseScriptCaches (1ms)
			RebuildScriptCaches (29ms)
			SetupLoadedEditorAssemblies (249ms)
				LogAssemblyErrors (0ms)
				InitializePlatformSupportModulesInManaged (4ms)
				SetLoadedEditorAssemblies (0ms)
				RefreshPlugins (1ms)
				BeforeProcessingInitializeOnLoad (42ms)
				ProcessInitializeOnLoadAttributes (169ms)
				ProcessInitializeOnLoadMethodAttributes (30ms)
				AfterProcessingInitializeOnLoad (3ms)
				EditorAssembliesLoaded (0ms)
			ExecutionOrderSort2 (0ms)
			AwakeInstancesAfterBackupRestoration (5ms)
Platform modules already initialized, skipping
Refreshing native plugins compatible for Editor in 0.56 ms, found 2 plugins.
Preloading 0 native plugins for Editor in 0.00 ms.
Unloading 2124 Unused Serialized files (Serialized files now loaded: 0)
System memory in use before: 89.0 MB.
System memory in use after: 89.1 MB.

Unloading 46 unused Assets to reduce memory usage. Loaded Objects now: 2607.
Total: 4.256100 ms (FindLiveObjects: 0.146200 ms CreateObjectMapping: 0.068600 ms MarkObjects: 4.021000 ms  DeleteObjects: 0.019700 ms)

AssetImportParameters requested are different than current active one (requested -> active):
  custom:framework-win-MediaFoundation: 216162199b28c13a410421893ffa2e32 -> 
  custom:video-decoder-ogg-theora: a1e56fd34408186e4bbccfd4996cb3dc -> 
  custom:container-muxer-webm: aa71ff27fc2769a1b78a27578f13a17b -> 
  custom:container-demuxer-webm: 4f35f7cbe854078d1ac9338744f61a02 -> 
  custom:container-demuxer-ogg: 62fdf1f143b41e24485cea50d1cbac27 -> 
  custom:video-encoder-webm-vp8: eb34c28f22e8b96e1ab97ce403110664 -> 
  custom:video-codec-MediaFoundation-h265: 746d11721c4dcdbdad8f713fa42b33f4 -> 
  custom:video-decoder-webm-vp8: 9c59270c3fd7afecdb556c50c9e8de78 -> 
  custom:audio-decoder-ogg-vorbis: bf7c407c2cedff20999df2af8eb42d56 -> 
  custom:audio-encoder-webm-vorbis: bf7c407c2cedff20999df2af8eb42d56 -> 
========================================================================
Received Import Request.
  Time since last request: 75.340157 seconds.
  path: Assets/Ball_Material.mat
  artifactKey: Guid(9d24573c1ae151d40ba94de980e04c36) Importer(815301076,1909f56bfc062723c751e8b465ee728b)
Start importing Assets/Ball_Material.mat using Guid(9d24573c1ae151d40ba94de980e04c36) Importer(815301076,1909f56bfc062723c751e8b465ee728b)  -> (artifact id: '57283a8525fd054a48ccfe55a7b7a7cb') in 0.041634 seconds 
========================================================================
Received Import Request.
  Time since last request: 11.814034 seconds.
  path: Assets/SimpleNaturePack/Models
  artifactKey: Guid(f2460ba6bbb1eee41b63499dcba676dc) Importer(815301076,1909f56bfc062723c751e8b465ee728b)
Start importing Assets/SimpleNaturePack/Models using Guid(f2460ba6bbb1eee41b63499dcba676dc) Importer(815301076,1909f56bfc062723c751e8b465ee728b)  -> (artifact id: '1ce4a79d7ca93a527dae89e3f40e776b') in 0.005554 seconds 
========================================================================
Received Import Request.
  Time since last request: 0.078326 seconds.
  path: Assets/SimpleNaturePack/Models/Branch_01.fbx
  artifactKey: Guid(5528351815fd4c04abf537f22c7e18f1) Importer(815301076,1909f56bfc062723c751e8b465ee728b)
Start importing Assets/SimpleNaturePack/Models/Branch_01.fbx using Guid(5528351815fd4c04abf537f22c7e18f1) Importer(815301076,1909f56bfc062723c751e8b465ee728b)  -> (artifact id: 'a77e1e4dac57130d3a33bb5123089554') in 0.037087 seconds 
========================================================================
Received Import Request.
  Time since last request: 0.000190 seconds.
  path: Assets/SimpleNaturePack/Models/Rock_02.fbx
  artifactKey: Guid(3a775dc2c1a334b45a5667a56fe92c23) Importer(815301076,1909f56bfc062723c751e8b465ee728b)
Start importing Assets/SimpleNaturePack/Models/Rock_02.fbx using Guid(3a775dc2c1a334b45a5667a56fe92c23) Importer(815301076,1909f56bfc062723c751e8b465ee728b)  -> (artifact id: '464e192376349795930e2a35cae3d90f') in 0.014661 seconds 
========================================================================
Received Import Request.
  Time since last request: 0.000103 seconds.
  path: Assets/SimpleNaturePack/Models/Rock_03.fbx
  artifactKey: Guid(14125b656fb71fd4d9d65bfe344107ad) Importer(815301076,1909f56bfc062723c751e8b465ee728b)
Start importing Assets/SimpleNaturePack/Models/Rock_03.fbx using Guid(14125b656fb71fd4d9d65bfe344107ad) Importer(815301076,1909f56bfc062723c751e8b465ee728b)  -> (artifact id: 'ad1aa1423dd1e77bff57edd42dc70936') in 0.033295 seconds 
========================================================================
Received Import Request.
  Time since last request: 0.000164 seconds.
  path: Assets/SimpleNaturePack/Models/Mushroom_01.fbx
  artifactKey: Guid(d062f5c56ffb55c4f832432ada269abe) Importer(815301076,1909f56bfc062723c751e8b465ee728b)
Start importing Assets/SimpleNaturePack/Models/Mushroom_01.fbx using Guid(d062f5c56ffb55c4f832432ada269abe) Importer(815301076,1909f56bfc062723c751e8b465ee728b)  -> (artifact id: '6208af61a8b9bbca8b486132348a6540') in 0.029784 seconds 
========================================================================
Received Import Request.
  Time since last request: 0.000113 seconds.
  path: Assets/SimpleNaturePack/Models/Ground_02.fbx
  artifactKey: Guid(57d3eed6d2253d24994d5ad37e00aedc) Importer(815301076,1909f56bfc062723c751e8b465ee728b)
Start importing Assets/SimpleNaturePack/Models/Ground_02.fbx using Guid(57d3eed6d2253d24994d5ad37e00aedc) Importer(815301076,1909f56bfc062723c751e8b465ee728b)  -> (artifact id: 'b2bce314b5464abdde679b9846d3cb60') in 0.030174 seconds 
========================================================================
Received Import Request.
  Time since last request: 0.000100 seconds.
  path: Assets/SimpleNaturePack/Models/Rock_04.fbx
  artifactKey: Guid(33ebf3440b12ec245bd008cd464f8d9a) Importer(815301076,1909f56bfc062723c751e8b465ee728b)
Start importing Assets/SimpleNaturePack/Models/Rock_04.fbx using Guid(33ebf3440b12ec245bd008cd464f8d9a) Importer(815301076,1909f56bfc062723c751e8b465ee728b)  -> (artifact id: '88d2fd0b5f6ac746fb894fb4dc402c56') in 0.029010 seconds 
========================================================================
Received Import Request.
  Time since last request: 0.000144 seconds.
  path: Assets/SimpleNaturePack/Models/Ground_03.fbx
  artifactKey: Guid(661464e19c087564badb2bf5230c842c) Importer(815301076,1909f56bfc062723c751e8b465ee728b)
Start importing Assets/SimpleNaturePack/Models/Ground_03.fbx using Guid(661464e19c087564badb2bf5230c842c) Importer(815301076,1909f56bfc062723c751e8b465ee728b)  -> (artifact id: '37e8170bb0bb06a2df9e1dbeb094ed3f') in 0.013337 seconds 
========================================================================
Received Import Request.
  Time since last request: 0.000107 seconds.
  path: Assets/SimpleNaturePack/Models/Bush_01.fbx
  artifactKey: Guid(d8ea93d2d4757e444a5349f4bc849128) Importer(815301076,1909f56bfc062723c751e8b465ee728b)
Start importing Assets/SimpleNaturePack/Models/Bush_01.fbx using Guid(d8ea93d2d4757e444a5349f4bc849128) Importer(815301076,1909f56bfc062723c751e8b465ee728b)  -> (artifact id: 'b1fef7b080d32d11110f23f1b74ec184') in 0.017015 seconds 
========================================================================
Received Import Request.
  Time since last request: 0.000107 seconds.
  path: Assets/SimpleNaturePack/Models/Stump_01.fbx
  artifactKey: Guid(768be665aba8b4e4aae7a973ae9616cf) Importer(815301076,1909f56bfc062723c751e8b465ee728b)
Start importing Assets/SimpleNaturePack/Models/Stump_01.fbx using Guid(768be665aba8b4e4aae7a973ae9616cf) Importer(815301076,1909f56bfc062723c751e8b465ee728b)  -> (artifact id: 'ad2be801447c3de3a24a3b85e8d4e46e') in 0.011445 seconds 
========================================================================
Received Import Request.
  Time since last request: 0.000123 seconds.
  path: Assets/SimpleNaturePack/Models/Mushroom_02.fbx
  artifactKey: Guid(6c890c97a154a474082af84a379dffce) Importer(815301076,1909f56bfc062723c751e8b465ee728b)
Start importing Assets/SimpleNaturePack/Models/Mushroom_02.fbx using Guid(6c890c97a154a474082af84a379dffce) Importer(815301076,1909f56bfc062723c751e8b465ee728b)  -> (artifact id: 'ea706be420d5a9306624438d436612f1') in 0.011464 seconds 
========================================================================
Received Import Request.
  Time since last request: 0.000110 seconds.
  path: Assets/SimpleNaturePack/Models/Grass_02.fbx
  artifactKey: Guid(638dc165572d2a84081d13ce1afb4d52) Importer(815301076,1909f56bfc062723c751e8b465ee728b)
Start importing Assets/SimpleNaturePack/Models/Grass_02.fbx using Guid(638dc165572d2a84081d13ce1afb4d52) Importer(815301076,1909f56bfc062723c751e8b465ee728b)  -> (artifact id: 'a661c160eca926d67923876aa2bc0f18') in 0.011733 seconds 
========================================================================
Received Import Request.
  Time since last request: 0.000105 seconds.
  path: Assets/SimpleNaturePack/Models/Ground_01.fbx
  artifactKey: Guid(d4ad967689295ba4eaf8baeaebc8721b) Importer(815301076,1909f56bfc062723c751e8b465ee728b)
Start importing Assets/SimpleNaturePack/Models/Ground_01.fbx using Guid(d4ad967689295ba4eaf8baeaebc8721b) Importer(815301076,1909f56bfc062723c751e8b465ee728b)  -> (artifact id: '9dcca625b367eb2bb33d16fedf31583d') in 0.011401 seconds 
========================================================================
Received Import Request.
  Time since last request: 0.000112 seconds.
  path: Assets/SimpleNaturePack/Models/Rock_01.fbx
  artifactKey: Guid(e9089b1db16b58f4282a94e020b9c0e8) Importer(815301076,1909f56bfc062723c751e8b465ee728b)
Start importing Assets/SimpleNaturePack/Models/Rock_01.fbx using Guid(e9089b1db16b58f4282a94e020b9c0e8) Importer(815301076,1909f56bfc062723c751e8b465ee728b)  -> (artifact id: '3ed7550b1887c79de344ccf9b31d83ff') in 0.010772 seconds 
========================================================================
Received Import Request.
  Time since last request: 0.000107 seconds.
  path: Assets/SimpleNaturePack/Models/Bush_02.fbx
  artifactKey: Guid(ba52853a69186a841a52a9cc2e9b77fa) Importer(815301076,1909f56bfc062723c751e8b465ee728b)
Start importing Assets/SimpleNaturePack/Models/Bush_02.fbx using Guid(ba52853a69186a841a52a9cc2e9b77fa) Importer(815301076,1909f56bfc062723c751e8b465ee728b)  -> (artifact id: 'f4d62060a0c9b7575e1ddd6eda804c13') in 0.011477 seconds 
========================================================================
Received Import Request.
  Time since last request: 0.000105 seconds.
  path: Assets/SimpleNaturePack/Models/Grass_01.fbx
  artifactKey: Guid(ad3119cbd6dce024e8460ef32dec49df) Importer(815301076,1909f56bfc062723c751e8b465ee728b)
Start importing Assets/SimpleNaturePack/Models/Grass_01.fbx using Guid(ad3119cbd6dce024e8460ef32dec49df) Importer(815301076,1909f56bfc062723c751e8b465ee728b)  -> (artifact id: '74f0df82aee965e327896d2973385ad6') in 0.011801 seconds 
